#
# There is insufficient memory for the Java Runtime Environment to continue.
# Native memory allocation (malloc) failed to allocate 295856 bytes for Chunk::new
# Possible reasons:
#   The system is out of physical RAM or swap space
#   In 32 bit mode, the process size limit was hit
# Possible solutions:
#   Reduce memory load on the system
#   Increase physical memory or swap space
#   Check if swap backing store is full
#   Use 64 bit Java on a 64 bit OS
#   Decrease Java heap size (-Xmx/-Xms)
#   Decrease number of Java threads
#   Decrease Java thread stack sizes (-Xss)
#   Set larger code cache with -XX:ReservedCodeCacheSize=
# This output file may be truncated or incomplete.
#
#  Out of Memory Error (allocation.cpp:390), pid=11612, tid=0x0000000000001120
#
# JRE version: Java(TM) SE Runtime Environment (8.0_131-b11) (build 1.8.0_131-b11)
# Java VM: Java HotSpot(TM) 64-Bit Server VM (25.131-b11 mixed mode windows-amd64 compressed oops)
# Failed to write core dump. Minidumps are not enabled by default on client versions of Windows
#

---------------  T H R E A D  ---------------

Current thread (0x000000001a1a2800):  JavaThread "Druid-ConnectionPool-Create-1717584679" daemon [_thread_in_native, id=4384, stack(0x000000001cb20000,0x000000001cc20000)]

Stack: [0x000000001cb20000,0x000000001cc20000]
[error occurred during error reporting (printing stack bounds), id 0xc0000005]

Native frames: (J=compiled Java code, j=interpreted, Vv=VM code, C=native code)

Java frames: (J=compiled Java code, j=interpreted, Vv=VM code)
J 747  java.lang.Class.forName0(Ljava/lang/String;ZLjava/lang/ClassLoader;Ljava/lang/Class;)Ljava/lang/Class; (0 bytes) @ 0x0000000003844347 [0x00000000038442c0+0x87]
J 1010 C1 java.lang.Class.forName(Ljava/lang/String;ZLjava/lang/ClassLoader;)Ljava/lang/Class; (53 bytes) @ 0x00000000038a992c [0x00000000038a9800+0x12c]
j  sun.nio.cs.AbstractCharsetProvider.lookup(Ljava/lang/String;)Ljava/nio/charset/Charset;+86
j  sun.nio.cs.AbstractCharsetProvider.charsetForName(Ljava/lang/String;)Ljava/nio/charset/Charset;+14
j  java.nio.charset.Charset.lookupExtendedCharset(Ljava/lang/String;)Ljava/nio/charset/Charset;+10
j  java.nio.charset.Charset.lookup2(Ljava/lang/String;)Ljava/nio/charset/Charset;+48
j  java.nio.charset.Charset.lookup(Ljava/lang/String;)Ljava/nio/charset/Charset;+40
j  java.nio.charset.Charset.forName(Ljava/lang/String;)Ljava/nio/charset/Charset;+1
j  com.mysql.jdbc.MysqlCharset.<init>(Ljava/lang/String;II[Ljava/lang/String;)V+65
j  com.mysql.jdbc.MysqlCharset.<init>(Ljava/lang/String;II[Ljava/lang/String;III)V+6
j  com.mysql.jdbc.CharsetMapping.<clinit>()V+263
v  ~StubRoutines::call_stub
j  com.mysql.jdbc.ConnectionImpl.<init>(Ljava/lang/String;ILjava/util/Properties;Ljava/lang/String;Ljava/lang/String;)V+34
j  com.mysql.jdbc.JDBC4Connection.<init>(Ljava/lang/String;ILjava/util/Properties;Ljava/lang/String;Ljava/lang/String;)V+8
v  ~StubRoutines::call_stub
J 1197  sun.reflect.NativeConstructorAccessorImpl.newInstance0(Ljava/lang/reflect/Constructor;[Ljava/lang/Object;)Ljava/lang/Object; (0 bytes) @ 0x00000000038e4f26 [0x00000000038e4ec0+0x66]
J 1196 C1 sun.reflect.NativeConstructorAccessorImpl.newInstance([Ljava/lang/Object;)Ljava/lang/Object; (89 bytes) @ 0x00000000038e562c [0x00000000038e52e0+0x34c]
J 948 C1 sun.reflect.DelegatingConstructorAccessorImpl.newInstance([Ljava/lang/Object;)Ljava/lang/Object; (9 bytes) @ 0x0000000003896024 [0x0000000003895fe0+0x44]
J 1125 C1 java.lang.reflect.Constructor.newInstance([Ljava/lang/Object;)Ljava/lang/Object; (87 bytes) @ 0x00000000038cd7dc [0x00000000038cd6c0+0x11c]
j  com.mysql.jdbc.Util.handleNewInstance(Ljava/lang/reflect/Constructor;[Ljava/lang/Object;Lcom/mysql/jdbc/ExceptionInterceptor;)Ljava/lang/Object;+2
j  com.mysql.jdbc.ConnectionImpl.getInstance(Ljava/lang/String;ILjava/util/Properties;Ljava/lang/String;Ljava/lang/String;)Lcom/mysql/jdbc/Connection;+52
j  com.mysql.jdbc.NonRegisteringDriver.connect(Ljava/lang/String;Ljava/util/Properties;)Ljava/sql/Connection;+101
j  com.alibaba.druid.pool.DruidAbstractDataSource.createPhysicalConnection(Ljava/lang/String;Ljava/util/Properties;)Ljava/sql/Connection;+18
j  com.alibaba.druid.pool.DruidAbstractDataSource.createPhysicalConnection()Lcom/alibaba/druid/pool/DruidAbstractDataSource$PhysicalConnectionInfo;+224
j  com.alibaba.druid.pool.DruidDataSource$CreateConnectionThread.run()V+361
v  ~StubRoutines::call_stub

---------------  P R O C E S S  ---------------

Java Threads: ( => current thread )
  0x000000001a1a0800 JavaThread "Druid-ConnectionPool-Destroy-1717584679" daemon [_thread_blocked, id=8668, stack(0x000000001cc20000,0x000000001cd20000)]
=>0x000000001a1a2800 JavaThread "Druid-ConnectionPool-Create-1717584679" daemon [_thread_in_native, id=4384, stack(0x000000001cb20000,0x000000001cc20000)]
  0x000000001a1a1000 JavaThread "Abandoned connection cleanup thread" daemon [_thread_blocked, id=8024, stack(0x000000001ca20000,0x000000001cb20000)]
  0x000000001a1a5800 JavaThread "XNIO-2 task-1" [_thread_blocked, id=5132, stack(0x000000001c920000,0x000000001ca20000)]
  0x000000001a1a5000 JavaThread "RMI TCP Connection(4)-127.0.0.1" daemon [_thread_in_native, id=8080, stack(0x000000001c620000,0x000000001c720000)]
  0x000000001a1a2000 JavaThread "RMI TCP Connection(3)-127.0.0.1" daemon [_thread_in_native, id=10236, stack(0x000000001c420000,0x000000001c520000)]
  0x0000000019d81000 JavaThread "DestroyJavaVM" [_thread_blocked, id=1596, stack(0x00000000031f0000,0x00000000032f0000)]
  0x0000000019d80000 JavaThread "XNIO-2 Accept" [_thread_in_native, id=6752, stack(0x000000001c220000,0x000000001c320000)]
  0x0000000019d83000 JavaThread "XNIO-2 I/O-4" [_thread_in_native, id=9516, stack(0x000000001c120000,0x000000001c220000)]
  0x0000000019d81800 JavaThread "XNIO-2 I/O-3" [_thread_in_native, id=11468, stack(0x000000001c020000,0x000000001c120000)]
  0x0000000019d87000 JavaThread "XNIO-2 I/O-2" [_thread_in_native, id=10112, stack(0x000000001bf20000,0x000000001c020000)]
  0x0000000019d85800 JavaThread "XNIO-2 I/O-1" [_thread_in_native, id=11168, stack(0x000000001be20000,0x000000001bf20000)]
  0x0000000019d86000 JavaThread "commons-pool-evictor-thread" [_thread_blocked, id=8616, stack(0x000000001bb20000,0x000000001bc20000)]
  0x0000000019d84000 JavaThread "MessageBroker-1" [_thread_blocked, id=4344, stack(0x000000001b820000,0x000000001b920000)]
  0x0000000019d82800 JavaThread "XNIO-1 Accept" daemon [_thread_in_native, id=3736, stack(0x000000001af20000,0x000000001b020000)]
  0x0000000019d84800 JavaThread "XNIO-1 I/O-1" daemon [_thread_in_native, id=3616, stack(0x000000001ae20000,0x000000001af20000)]
  0x0000000015c7a800 JavaThread "RMI TCP Connection(2)-127.0.0.1" daemon [_thread_in_native, id=2356, stack(0x0000000018e50000,0x0000000018f50000)]
  0x0000000017ab7000 JavaThread "RMI Scheduler(0)" daemon [_thread_blocked, id=12080, stack(0x0000000018d50000,0x0000000018e50000)]
  0x0000000017ab0800 JavaThread "RMI TCP Connection(1)-127.0.0.1" daemon [_thread_in_native, id=6028, stack(0x0000000018a50000,0x0000000018b50000)]
  0x0000000017887000 JavaThread "RMI TCP Accept-0" daemon [_thread_in_native, id=5516, stack(0x00000000184a0000,0x00000000185a0000)]
  0x0000000017880800 JavaThread "RMI TCP Accept-57401" daemon [_thread_in_native, id=4856, stack(0x00000000183a0000,0x00000000184a0000)]
  0x000000001787b800 JavaThread "RMI TCP Accept-0" daemon [_thread_in_native, id=9952, stack(0x00000000182a0000,0x00000000183a0000)]
  0x0000000017371800 JavaThread "Service Thread" daemon [_thread_blocked, id=10520, stack(0x00000000181a0000,0x00000000182a0000)]
  0x0000000017395000 JavaThread "C1 CompilerThread2" daemon [_thread_blocked, id=2680, stack(0x00000000180a0000,0x00000000181a0000)]
  0x0000000017394000 JavaThread "C2 CompilerThread1" daemon [_thread_blocked, id=4224, stack(0x0000000017fa0000,0x00000000180a0000)]
  0x00000000175bb800 JavaThread "C2 CompilerThread0" daemon [_thread_blocked, id=4544, stack(0x0000000017ea0000,0x0000000017fa0000)]
  0x00000000172f4800 JavaThread "Monitor Ctrl-Break" daemon [_thread_in_native, id=12140, stack(0x0000000017da0000,0x0000000017ea0000)]
  0x0000000015c65000 JavaThread "Attach Listener" daemon [_thread_blocked, id=6944, stack(0x00000000174a0000,0x00000000175a0000)]
  0x0000000015c53800 JavaThread "Signal Dispatcher" daemon [_thread_blocked, id=8848, stack(0x00000000173a0000,0x00000000174a0000)]
  0x0000000015c2f000 JavaThread "Finalizer" daemon [_thread_blocked, id=8632, stack(0x0000000016ea0000,0x0000000016fa0000)]
  0x00000000034c6000 JavaThread "Reference Handler" daemon [_thread_blocked, id=11248, stack(0x0000000016da0000,0x0000000016ea0000)]

Other Threads:
  0x0000000015c07800 VMThread [stack: 0x0000000016ca0000,0x0000000016da0000] [id=8488]
  0x000000001788b000 WatcherThread [stack: 0x00000000185a0000,0x00000000186a0000] [id=7584]

VM state:not at safepoint (normal execution)

VM Mutex/Monitor currently owned by a thread: None

Heap:
 PSYoungGen      total 35328K, used 4299K [0x00000000eb000000, 0x00000000ed500000, 0x0000000100000000)
  eden space 32768K, 13% used [0x00000000eb000000,0x00000000eb432cd0,0x00000000ed000000)
  from space 2560K, 0% used [0x00000000ed280000,0x00000000ed280000,0x00000000ed500000)
  to   space 2560K, 0% used [0x00000000ed000000,0x00000000ed000000,0x00000000ed280000)
 ParOldGen       total 34816K, used 21446K [0x00000000c1000000, 0x00000000c3200000, 0x00000000eb000000)
  object space 34816K, 61% used [0x00000000c1000000,0x00000000c24f1808,0x00000000c3200000)
 Metaspace       used 42112K, capacity 44036K, committed 44288K, reserved 1089536K
  class space    used 5724K, capacity 6067K, committed 6144K, reserved 1048576K

Card table byte_map: [0x00000000129d0000,0x0000000012bd0000] byte_map_base: 0x00000000123c8000

Marking Bits: (ParMarkBitMap*) 0x000000005a52c720
 Begin Bits: [0x0000000013120000, 0x00000000140e0000)
 End Bits:   [0x00000000140e0000, 0x00000000150a0000)

Polling page: 0x0000000001520000

CodeCache: size=245760Kb used=9454Kb max_used=9454Kb free=236305Kb
 bounds [0x0000000003610000, 0x0000000003f50000, 0x0000000012610000]
 total_blobs=5070 nmethods=4582 adapters=399
 compilation: enabled

Compilation events (10 events):
Event: 15.834 Thread 0x0000000017395000 4636       1       com.sun.jmx.mbeanserver.MBeanAnalyzer$AttrMethods::<init> (5 bytes)
Event: 15.834 Thread 0x0000000017395000 nmethod 4636 0x0000000003f4bc90 code [0x0000000003f4bde0, 0x0000000003f4bef0]
Event: 15.834 Thread 0x0000000017395000 4637       1       com.sun.jmx.mbeanserver.MBeanAnalyzer$AttrMethods::<init> (5 bytes)
Event: 15.834 Thread 0x0000000017395000 nmethod 4637 0x0000000003f4bf50 code [0x0000000003f4c0a0, 0x0000000003f4c1b0]
Event: 15.835 Thread 0x0000000017395000 4638       1       com.sun.jmx.mbeanserver.PerInterface$InitMaps::visitAttribute (101 bytes)
Event: 15.835 Thread 0x0000000017395000 nmethod 4638 0x0000000003bd4510 code [0x0000000003bd46a0, 0x0000000003bd48d8]
Event: 16.078 Thread 0x0000000017395000 4639       1       java.util.Locale::equals (75 bytes)
Event: 16.078 Thread 0x0000000017395000 nmethod 4639 0x0000000003bd3810 code [0x0000000003bd39a0, 0x0000000003bd3c98]
Event: 16.100 Thread 0x0000000017395000 4640       1       java.util.ResourceBundle::getObject (82 bytes)
Event: 16.100 Thread 0x0000000017395000 nmethod 4640 0x0000000003f4c210 code [0x0000000003f4c400, 0x0000000003f4c918]

GC Heap History (10 events):
Event: 8.391 GC heap before
{Heap before GC invocations=27 (full 2):
 PSYoungGen      total 35328K, used 35015K [0x00000000eb000000, 0x00000000ed500000, 0x0000000100000000)
  eden space 32768K, 100% used [0x00000000eb000000,0x00000000ed000000,0x00000000ed000000)
  from space 2560K, 87% used [0x00000000ed280000,0x00000000ed4b1ea0,0x00000000ed500000)
  to   space 2560K, 0% used [0x00000000ed000000,0x00000000ed000000,0x00000000ed280000)
 ParOldGen       total 34816K, used 25183K [0x00000000c1000000, 0x00000000c3200000, 0x00000000eb000000)
  object space 34816K, 72% used [0x00000000c1000000,0x00000000c2897f18,0x00000000c3200000)
 Metaspace       used 38725K, capacity 40576K, committed 40832K, reserved 1085440K
  class space    used 5331K, capacity 5683K, committed 5760K, reserved 1048576K
Event: 8.402 GC heap after
Heap after GC invocations=27 (full 2):
 PSYoungGen      total 35328K, used 1861K [0x00000000eb000000, 0x00000000ed500000, 0x0000000100000000)
  eden space 32768K, 0% used [0x00000000eb000000,0x00000000eb000000,0x00000000ed000000)
  from space 2560K, 72% used [0x00000000ed000000,0x00000000ed1d14c0,0x00000000ed280000)
  to   space 2560K, 0% used [0x00000000ed280000,0x00000000ed280000,0x00000000ed500000)
 ParOldGen       total 34816K, used 26677K [0x00000000c1000000, 0x00000000c3200000, 0x00000000eb000000)
  object space 34816K, 76% used [0x00000000c1000000,0x00000000c2a0d4d8,0x00000000c3200000)
 Metaspace       used 38725K, capacity 40576K, committed 40832K, reserved 1085440K
  class space    used 5331K, capacity 5683K, committed 5760K, reserved 1048576K
}
Event: 8.571 GC heap before
{Heap before GC invocations=28 (full 2):
 PSYoungGen      total 35328K, used 34629K [0x00000000eb000000, 0x00000000ed500000, 0x0000000100000000)
  eden space 32768K, 100% used [0x00000000eb000000,0x00000000ed000000,0x00000000ed000000)
  from space 2560K, 72% used [0x00000000ed000000,0x00000000ed1d14c0,0x00000000ed280000)
  to   space 2560K, 0% used [0x00000000ed280000,0x00000000ed280000,0x00000000ed500000)
 ParOldGen       total 34816K, used 26677K [0x00000000c1000000, 0x00000000c3200000, 0x00000000eb000000)
  object space 34816K, 76% used [0x00000000c1000000,0x00000000c2a0d4d8,0x00000000c3200000)
 Metaspace       used 39255K, capacity 41092K, committed 41344K, reserved 1085440K
  class space    used 5416K, capacity 5749K, committed 5760K, reserved 1048576K
Event: 8.576 GC heap after
Heap after GC invocations=28 (full 2):
 PSYoungGen      total 35328K, used 1696K [0x00000000eb000000, 0x00000000ed500000, 0x0000000100000000)
  eden space 32768K, 0% used [0x00000000eb000000,0x00000000eb000000,0x00000000ed000000)
  from space 2560K, 66% used [0x00000000ed280000,0x00000000ed428020,0x00000000ed500000)
  to   space 2560K, 0% used [0x00000000ed000000,0x00000000ed000000,0x00000000ed280000)
 ParOldGen       total 34816K, used 27989K [0x00000000c1000000, 0x00000000c3200000, 0x00000000eb000000)
  object space 34816K, 80% used [0x00000000c1000000,0x00000000c2b554d8,0x00000000c3200000)
 Metaspace       used 39255K, capacity 41092K, committed 41344K, reserved 1085440K
  class space    used 5416K, capacity 5749K, committed 5760K, reserved 1048576K
}
Event: 9.504 GC heap before
{Heap before GC invocations=29 (full 2):
 PSYoungGen      total 35328K, used 34464K [0x00000000eb000000, 0x00000000ed500000, 0x0000000100000000)
  eden space 32768K, 100% used [0x00000000eb000000,0x00000000ed000000,0x00000000ed000000)
  from space 2560K, 66% used [0x00000000ed280000,0x00000000ed428020,0x00000000ed500000)
  to   space 2560K, 0% used [0x00000000ed000000,0x00000000ed000000,0x00000000ed280000)
 ParOldGen       total 34816K, used 27989K [0x00000000c1000000, 0x00000000c3200000, 0x00000000eb000000)
  object space 34816K, 80% used [0x00000000c1000000,0x00000000c2b554d8,0x00000000c3200000)
 Metaspace       used 39987K, capacity 41918K, committed 41984K, reserved 1085440K
  class space    used 5511K, capacity 5874K, committed 5888K, reserved 1048576K
Event: 9.509 GC heap after
Heap after GC invocations=29 (full 2):
 PSYoungGen      total 35328K, used 2231K [0x00000000eb000000, 0x00000000ed500000, 0x0000000100000000)
  eden space 32768K, 0% used [0x00000000eb000000,0x00000000eb000000,0x00000000ed000000)
  from space 2560K, 87% used [0x00000000ed000000,0x00000000ed22df58,0x00000000ed280000)
  to   space 2560K, 0% used [0x00000000ed280000,0x00000000ed280000,0x00000000ed500000)
 ParOldGen       total 34816K, used 28773K [0x00000000c1000000, 0x00000000c3200000, 0x00000000eb000000)
  object space 34816K, 82% used [0x00000000c1000000,0x00000000c2c194f8,0x00000000c3200000)
 Metaspace       used 39987K, capacity 41918K, committed 41984K, reserved 1085440K
  class space    used 5511K, capacity 5874K, committed 5888K, reserved 1048576K
}
Event: 15.836 GC heap before
{Heap before GC invocations=30 (full 2):
 PSYoungGen      total 35328K, used 17367K [0x00000000eb000000, 0x00000000ed500000, 0x0000000100000000)
  eden space 32768K, 46% used [0x00000000eb000000,0x00000000ebec7fc8,0x00000000ed000000)
  from space 2560K, 87% used [0x00000000ed000000,0x00000000ed22df58,0x00000000ed280000)
  to   space 2560K, 0% used [0x00000000ed280000,0x00000000ed280000,0x00000000ed500000)
 ParOldGen       total 34816K, used 28773K [0x00000000c1000000, 0x00000000c3200000, 0x00000000eb000000)
  object space 34816K, 82% used [0x00000000c1000000,0x00000000c2c194f8,0x00000000c3200000)
 Metaspace       used 41629K, capacity 43556K, committed 43776K, reserved 1091584K
  class space    used 5671K, capacity 6035K, committed 6144K, reserved 1048576K
Event: 15.843 GC heap after
Heap after GC invocations=30 (full 2):
 PSYoungGen      total 35328K, used 1697K [0x00000000eb000000, 0x00000000ed500000, 0x0000000100000000)
  eden space 32768K, 0% used [0x00000000eb000000,0x00000000eb000000,0x00000000ed000000)
  from space 2560K, 66% used [0x00000000ed280000,0x00000000ed428540,0x00000000ed500000)
  to   space 2560K, 0% used [0x00000000ed000000,0x00000000ed000000,0x00000000ed280000)
 ParOldGen       total 34816K, used 30465K [0x00000000c1000000, 0x00000000c3200000, 0x00000000eb000000)
  object space 34816K, 87% used [0x00000000c1000000,0x00000000c2dc06a0,0x00000000c3200000)
 Metaspace       used 41629K, capacity 43556K, committed 43776K, reserved 1091584K
  class space    used 5671K, capacity 6035K, committed 6144K, reserved 1048576K
}
Event: 15.843 GC heap before
{Heap before GC invocations=31 (full 3):
 PSYoungGen      total 35328K, used 1697K [0x00000000eb000000, 0x00000000ed500000, 0x0000000100000000)
  eden space 32768K, 0% used [0x00000000eb000000,0x00000000eb000000,0x00000000ed000000)
  from space 2560K, 66% used [0x00000000ed280000,0x00000000ed428540,0x00000000ed500000)
  to   space 2560K, 0% used [0x00000000ed000000,0x00000000ed000000,0x00000000ed280000)
 ParOldGen       total 34816K, used 30465K [0x00000000c1000000, 0x00000000c3200000, 0x00000000eb000000)
  object space 34816K, 87% used [0x00000000c1000000,0x00000000c2dc06a0,0x00000000c3200000)
 Metaspace       used 41629K, capacity 43556K, committed 43776K, reserved 1091584K
  class space    used 5671K, capacity 6035K, committed 6144K, reserved 1048576K
Event: 16.062 GC heap after
Heap after GC invocations=31 (full 3):
 PSYoungGen      total 35328K, used 0K [0x00000000eb000000, 0x00000000ed500000, 0x0000000100000000)
  eden space 32768K, 0% used [0x00000000eb000000,0x00000000eb000000,0x00000000ed000000)
  from space 2560K, 0% used [0x00000000ed280000,0x00000000ed280000,0x00000000ed500000)
  to   space 2560K, 0% used [0x00000000ed000000,0x00000000ed000000,0x00000000ed280000)
 ParOldGen       total 34816K, used 21446K [0x00000000c1000000, 0x00000000c3200000, 0x00000000eb000000)
  object space 34816K, 61% used [0x00000000c1000000,0x00000000c24f1808,0x00000000c3200000)
 Metaspace       used 41629K, capacity 43556K, committed 43776K, reserved 1089536K
  class space    used 5671K, capacity 6035K, committed 6144K, reserved 1048576K
}

Deoptimization events (0 events):
No events

Internal exceptions (10 events):
Event: 15.600 Thread 0x000000001a1a5800 Exception <a 'java/lang/ClassNotFoundException': org/springframework/web/servlet/theme/AbstractThemeResolverCustomizer> (0x00000000eb5ca3f8) thrown at [C:\re\workspace\8-2-build-windows-amd64-cygwin\jdk8u131\8869\hotspot\src\share\vm\classfile\systemDicti
Event: 15.600 Thread 0x000000001a1a5800 Exception <a 'java/lang/ClassNotFoundException': org/springframework/web/servlet/theme/FixedThemeResolverCustomizer> (0x00000000eb5e8ad0) thrown at [C:\re\workspace\8-2-build-windows-amd64-cygwin\jdk8u131\8869\hotspot\src\share\vm\classfile\systemDictiona
Event: 15.601 Thread 0x000000001a1a5800 Exception <a 'java/lang/ClassNotFoundException': org/springframework/web/servlet/ThemeResolverCustomizer> (0x00000000eb604210) thrown at [C:\re\workspace\8-2-build-windows-amd64-cygwin\jdk8u131\8869\hotspot\src\share\vm\classfile\systemDictionary.cpp, lin
Event: 15.606 Thread 0x000000001a1a5800 Exception <a 'java/lang/ClassNotFoundException': java/lang/ObjectCustomizer> (0x00000000eb6422d8) thrown at [C:\re\workspace\8-2-build-windows-amd64-cygwin\jdk8u131\8869\hotspot\src\share\vm\classfile\systemDictionary.cpp, line 210]
Event: 15.606 Thread 0x000000001a1a5800 Exception <a 'java/lang/ClassNotFoundException': org/springframework/web/servlet/view/DefaultRequestToViewNameTranslatorCustomizer> (0x00000000eb6650b8) thrown at [C:\re\workspace\8-2-build-windows-amd64-cygwin\jdk8u131\8869\hotspot\src\share\vm\classfile
Event: 15.607 Thread 0x000000001a1a5800 Exception <a 'java/lang/ClassNotFoundException': org/springframework/web/servlet/RequestToViewNameTranslatorCustomizer> (0x00000000eb692e68) thrown at [C:\re\workspace\8-2-build-windows-amd64-cygwin\jdk8u131\8869\hotspot\src\share\vm\classfile\systemDicti
Event: 15.611 Thread 0x000000001a1a5800 Exception <a 'java/lang/ClassNotFoundException': java/lang/ObjectCustomizer> (0x00000000eb6eb8f0) thrown at [C:\re\workspace\8-2-build-windows-amd64-cygwin\jdk8u131\8869\hotspot\src\share\vm\classfile\systemDictionary.cpp, line 210]
Event: 15.611 Thread 0x000000001a1a5800 Exception <a 'java/lang/ClassNotFoundException': org/springframework/web/servlet/support/AbstractFlashMapManagerCustomizer> (0x00000000eb70c8f0) thrown at [C:\re\workspace\8-2-build-windows-amd64-cygwin\jdk8u131\8869\hotspot\src\share\vm\classfile\systemD
Event: 15.612 Thread 0x000000001a1a5800 Exception <a 'java/lang/ClassNotFoundException': org/springframework/web/servlet/support/SessionFlashMapManagerCustomizer> (0x00000000eb731188) thrown at [C:\re\workspace\8-2-build-windows-amd64-cygwin\jdk8u131\8869\hotspot\src\share\vm\classfile\systemDi
Event: 15.612 Thread 0x000000001a1a5800 Exception <a 'java/lang/ClassNotFoundException': org/springframework/web/servlet/FlashMapManagerCustomizer> (0x00000000eb74c838) thrown at [C:\re\workspace\8-2-build-windows-amd64-cygwin\jdk8u131\8869\hotspot\src\share\vm\classfile\systemDictionary.cpp, l

Events (10 events):
Event: 16.104 loading class sun/nio/cs/ext/IBM943 done
Event: 16.104 loading class sun/nio/cs/ext/MS932
Event: 16.104 loading class sun/nio/cs/ext/MS932 done
Event: 16.104 loading class sun/nio/cs/ext/EUC_CN
Event: 16.105 loading class sun/nio/cs/ext/EUC_CN done
Event: 16.105 loading class sun/nio/cs/ext/EUC_JP
Event: 16.105 loading class sun/nio/cs/ext/EUC_JP done
Event: 16.105 loading class sun/nio/cs/ext/EUC_JP_Open
Event: 16.105 loading class sun/nio/cs/ext/EUC_JP_Open done
Event: 16.105 loading class sun/nio/cs/ext/GB18030


Dynamic libraries:
0x00007ff78e7d0000 - 0x00007ff78e807000 	C:\Program Files\Java\jdk1.8.0_131\bin\java.exe
0x00007ffe13a50000 - 0x00007ffe13c3d000 	C:\windows\SYSTEM32\ntdll.dll
0x00007ffe11e70000 - 0x00007ffe11f23000 	C:\windows\System32\KERNEL32.DLL
0x00007ffe10770000 - 0x00007ffe10a03000 	C:\windows\System32\KERNELBASE.dll
0x00007ffe11280000 - 0x00007ffe11323000 	C:\windows\System32\ADVAPI32.dll
0x00007ffe11dc0000 - 0x00007ffe11e5e000 	C:\windows\System32\msvcrt.dll
0x00007ffe11070000 - 0x00007ffe1110e000 	C:\windows\System32\sechost.dll
0x00007ffe113a0000 - 0x00007ffe114c2000 	C:\windows\System32\RPCRT4.dll
0x00007ffe13850000 - 0x00007ffe139e7000 	C:\windows\System32\USER32.dll
0x00007ffe0fb20000 - 0x00007ffe0fb40000 	C:\windows\System32\win32u.dll
0x00007ffe13820000 - 0x00007ffe13849000 	C:\windows\System32\GDI32.dll
0x00007ffe0fc90000 - 0x00007ffe0fe2a000 	C:\windows\System32\gdi32full.dll
0x00007ffe0fb40000 - 0x00007ffe0fbe0000 	C:\windows\System32\msvcp_win.dll
0x00007ffe0ff00000 - 0x00007ffe0fffc000 	C:\windows\System32\ucrtbase.dll
0x00007ffe0af40000 - 0x00007ffe0b1b9000 	C:\windows\WinSxS\amd64_microsoft.windows.common-controls_6595b64144ccf1df_6.0.17763.316_none_05b53be2071f46b6\COMCTL32.dll
0x00007ffe134f0000 - 0x00007ffe1381d000 	C:\windows\System32\combase.dll
0x00007ffe0fe30000 - 0x00007ffe0feae000 	C:\windows\System32\bcryptPrimitives.dll
0x00007ffe139f0000 - 0x00007ffe13a1e000 	C:\windows\System32\IMM32.DLL
0x000000005a5b0000 - 0x000000005a682000 	C:\Program Files\Java\jdk1.8.0_131\jre\bin\msvcr100.dll
0x0000000059d10000 - 0x000000005a5ac000 	C:\Program Files\Java\jdk1.8.0_131\jre\bin\server\jvm.dll
0x00007ffe11e60000 - 0x00007ffe11e68000 	C:\windows\System32\PSAPI.DLL
0x00007ffe0dc70000 - 0x00007ffe0dc79000 	C:\windows\SYSTEM32\WSOCK32.dll
0x00007ffe11330000 - 0x00007ffe1139d000 	C:\windows\System32\WS2_32.dll
0x00007ffe0d740000 - 0x00007ffe0d764000 	C:\windows\SYSTEM32\WINMM.dll
0x00007ffe06990000 - 0x00007ffe0699a000 	C:\windows\SYSTEM32\VERSION.dll
0x00007ffe0d710000 - 0x00007ffe0d73d000 	C:\windows\SYSTEM32\winmmbase.dll
0x00007ffe0feb0000 - 0x00007ffe0fefa000 	C:\windows\System32\cfgmgr32.dll
0x000000005aba0000 - 0x000000005abaf000 	C:\Program Files\Java\jdk1.8.0_131\jre\bin\verify.dll
0x000000005ab70000 - 0x000000005ab99000 	C:\Program Files\Java\jdk1.8.0_131\jre\bin\java.dll
0x000000005ab20000 - 0x000000005ab43000 	C:\Program Files\Java\jdk1.8.0_131\jre\bin\instrument.dll
0x000000005ab50000 - 0x000000005ab66000 	C:\Program Files\Java\jdk1.8.0_131\jre\bin\zip.dll
0x00007ffe12000000 - 0x00007ffe134ef000 	C:\windows\System32\SHELL32.dll
0x00007ffe11f50000 - 0x00007ffe11ff8000 	C:\windows\System32\shcore.dll
0x00007ffe10000000 - 0x00007ffe1074a000 	C:\windows\System32\windows.storage.dll
0x00007ffe0faf0000 - 0x00007ffe0fb14000 	C:\windows\System32\profapi.dll
0x00007ffe0fa50000 - 0x00007ffe0faad000 	C:\windows\System32\powrprof.dll
0x00007ffe11bb0000 - 0x00007ffe11c02000 	C:\windows\System32\shlwapi.dll
0x00007ffe0fab0000 - 0x00007ffe0fac1000 	C:\windows\System32\kernel.appcore.dll
0x00007ffe10750000 - 0x00007ffe10767000 	C:\windows\System32\cryptsp.dll
0x00007ffe02a10000 - 0x00007ffe02a2a000 	E:\intellij idea\ideaIU-2018.1.1.win\bin\breakgen64.dll
0x000000005a950000 - 0x000000005a96a000 	C:\Program Files\Java\jdk1.8.0_131\jre\bin\net.dll
0x00007ffe0f250000 - 0x00007ffe0f2b7000 	C:\windows\system32\mswsock.dll
0x000000005a940000 - 0x000000005a94d000 	C:\Program Files\Java\jdk1.8.0_131\jre\bin\management.dll
0x000000005a920000 - 0x000000005a931000 	C:\Program Files\Java\jdk1.8.0_131\jre\bin\nio.dll
0x00007ffdfd2e0000 - 0x00007ffdfd2f6000 	C:\windows\system32\napinsp.dll
0x00007ffdfd1f0000 - 0x00007ffdfd20a000 	C:\windows\system32\pnrpnsp.dll
0x00007ffe0eff0000 - 0x00007ffe0f0b6000 	C:\windows\SYSTEM32\DNSAPI.dll
0x00007ffe11c10000 - 0x00007ffe11c18000 	C:\windows\System32\NSI.dll
0x00007ffe0efb0000 - 0x00007ffe0efed000 	C:\windows\SYSTEM32\IPHLPAPI.DLL
0x00007ffdfd2d0000 - 0x00007ffdfd2de000 	C:\windows\System32\winrnr.dll
0x00007ffe0c290000 - 0x00007ffe0c2ab000 	C:\windows\system32\NLAapi.dll
0x00007ffe04590000 - 0x00007ffe045a5000 	C:\windows\system32\wshbth.dll
0x00007ffe020b0000 - 0x00007ffe020ba000 	C:\Windows\System32\rasadhlp.dll
0x00007ffe021d0000 - 0x00007ffe02249000 	C:\windows\System32\fwpuclnt.dll
0x00007ffe10c50000 - 0x00007ffe10c76000 	C:\windows\System32\bcrypt.dll
0x00007ffe0ee10000 - 0x00007ffe0ee43000 	C:\windows\system32\rsaenh.dll
0x00007ffe0f950000 - 0x00007ffe0f978000 	C:\windows\SYSTEM32\USERENV.dll
0x00007ffe0f420000 - 0x00007ffe0f42c000 	C:\windows\SYSTEM32\CRYPTBASE.dll
0x00007ffe02bf0000 - 0x00007ffe02c06000 	C:\windows\SYSTEM32\dhcpcsvc6.DLL
0x00007ffe02ef0000 - 0x00007ffe02f0c000 	C:\windows\SYSTEM32\dhcpcsvc.DLL

VM Arguments:
jvm_args: -XX:TieredStopAtLevel=1 -Xverify:none -Dspring.output.ansi.enabled=always -Dcom.sun.management.jmxremote -Dcom.sun.management.jmxremote.port=57401 -Dcom.sun.management.jmxremote.authenticate=false -Dcom.sun.management.jmxremote.ssl=false -Djava.rmi.server.hostname=localhost -Dspring.liveBeansView.mbeanDomain -Dspring.application.admin.enabled=true -javaagent:E:\intellij idea\ideaIU-2018.1.1.win\lib\idea_rt.jar=57402:E:\intellij idea\ideaIU-2018.1.1.win\bin -Dfile.encoding=UTF-8 
java_command: org.sang.HrserverApplication
java_class_path (initial): C:\Program Files\Java\jdk1.8.0_131\jre\lib\charsets.jar;C:\Program Files\Java\jdk1.8.0_131\jre\lib\deploy.jar;C:\Program Files\Java\jdk1.8.0_131\jre\lib\ext\access-bridge-64.jar;C:\Program Files\Java\jdk1.8.0_131\jre\lib\ext\cldrdata.jar;C:\Program Files\Java\jdk1.8.0_131\jre\lib\ext\dnsns.jar;C:\Program Files\Java\jdk1.8.0_131\jre\lib\ext\jaccess.jar;C:\Program Files\Java\jdk1.8.0_131\jre\lib\ext\jfxrt.jar;C:\Program Files\Java\jdk1.8.0_131\jre\lib\ext\localedata.jar;C:\Program Files\Java\jdk1.8.0_131\jre\lib\ext\nashorn.jar;C:\Program Files\Java\jdk1.8.0_131\jre\lib\ext\sunec.jar;C:\Program Files\Java\jdk1.8.0_131\jre\lib\ext\sunjce_provider.jar;C:\Program Files\Java\jdk1.8.0_131\jre\lib\ext\sunmscapi.jar;C:\Program Files\Java\jdk1.8.0_131\jre\lib\ext\sunpkcs11.jar;C:\Program Files\Java\jdk1.8.0_131\jre\lib\ext\zipfs.jar;C:\Program Files\Java\jdk1.8.0_131\jre\lib\javaws.jar;C:\Program Files\Java\jdk1.8.0_131\jre\lib\jce.jar;C:\Program Files\Java\jdk1.8.0_131\jre\lib\jfr.jar;C:\Program Files\Java\jdk1.8.0_131\jre\lib\jfxswt.jar;C:\Program Files\Java\jdk1.8.0_131\jre\lib\jsse.jar;C:\Program Files\Java\jdk1.8.0_131\jre\lib\management-agent.jar;C:\Program Files\Java\jdk1.8.0_131\jre\lib\plugin.jar;C:\Program Files\Java\jdk1.8.0_131\jre\lib\resources.jar;C:\Program Files\Java\jdk1.8.0_131\jre\lib\rt.jar;E:\±œ“µ…Ëº∆\vhr\hrserver\target\classes;C:\Users\lth\.m2\repository\org\springframework\boot\spring-boot-starter-web\2.0.4.RELEASE\spring-boot-starter-web-2.0.4.RELEASE.jar;C:\Users\lth\.m2\repository\org\springframework\boot\spring-boot-starter\2.0.4.RELEASE\spring-boot-starter-2.0.4.RELEASE.jar;C:\Users\lth\.m2\repository\org\springframework\boot\spring-boot\2.0.4.RELEASE\spring-boot-2.0.4.RELEASE.jar;C:\Users\lth\.m2\repository\org\springframework\boot\spring-boot-autoconfigure\2.0.4.RELEASE\spring-boot-autoconfigure-2.0.4.RELEASE.jar;C:\Users\lth\.m2\repository\org\springframework\boot\spring-boot-starter-logging\2.0.4.RELEASE\spring-boo
Launcher Type: SUN_STANDARD

Environment Variables:
JAVA_HOME=C:\Program Files\Java\jdk1.8.0_131
CLASSPATH=.;C:\Program Files\Java\jdk1.8.0_131\lib\dt.jar;C:\Program Files\Java\jdk1.8.0_131\lib\tools.jar;
PATH=C:\windows\system32;C:\windows;C:\windows\System32\Wbem;C:\windows\System32\WindowsPowerShell\v1.0\;C:\windows\System32\OpenSSH\;C:\Program Files (x86)\ATI Technologies\ATI.ACE\Core-Static;C:\Program Files\Java\jdk1.8.0_131\bin;C:\Program Files\Java\jdk1.8.0_131\jre\bin;E:\MySQL\mysql-5.6.17-winx64\bin;E:\node.js\;C:\Users\lth\AppData\Local\Microsoft\WindowsApps;C:\Program Files\Java\jdk1.8.0_131\bin;C:\Program Files\Java\jdk1.8.0_131\jre\bin;C:\Users\lth\AppData\Roaming\npm
USERNAME=lth
OS=Windows_NT
PROCESSOR_IDENTIFIER=Intel64 Family 6 Model 69 Stepping 1, GenuineIntel



---------------  S Y S T E M  ---------------

OS: Windows 10.0 , 64 bit Build 17763 (10.0.17763.292)

CPU:total 4 (initial active 4) (2 cores per cpu, 2 threads per core) family 6 model 69 stepping 1, cmov, cx8, fxsr, mmx, sse, sse2, sse3, ssse3, sse4.1, sse4.2, popcnt, avx, avx2, aes, clmul, erms, lzcnt, ht, tsc, tscinvbit, bmi1, bmi2

Memory: 4k page, physical 4120940k(713496k free), swap 10603760k(3128k free)

vm_info: Java HotSpot(TM) 64-Bit Server VM (25.131-b11) for windows-amd64 JRE (1.8.0_131-b11), built on Mar 15 2017 01:23:53 by "java_re" with MS VC++ 10.0 (VS2010)

time: Thu Apr 18 15:17:27 2019
elapsed time: 16 seconds (0d 0h 0m 16s)

